<?xml version="1.0" encoding="UTF-8"?>
<!-- Generated by org.testng.reporters.JUnitReportReporter -->
<testsuite hostname="DESKTOP-D9L1E3E" failures="0" tests="1" name="autoTestPackage.AutoTest" time="3.979" errors="0" timestamp="2022-01-20T03:56:33 EST" skipped="0">
  <testcase classname="autoTestPackage.AutoTest" name="autoTest" time="3.979"/>
  <system-out/>
</testsuite> <!-- autoTestPackage.AutoTest -->
